2024-04-27 10:29:37.742 | ERROR    | __main__:search_title:557 - 标题未找到
2024-04-27 10:29:37.743 | WARNING  | __main__:__init__:39 - 没有找到标题模式：/home/root1/wcc/pdf-test/2.pdf
2024-04-27 10:29:37.746 | WARNING  | __main__:cut_table_str_before:469 - 切除部分是非表格部分，停止切除held to be an illegal act...

2024-04-27 10:29:37.748 | WARNING  | __main__:cut_table_str_before:469 - 切除部分是非表格部分，停止切除Source/target Task
Category
# Queries
Ts
MSMARCO QA
Open Domain QA
148122
KILT-FEVER
Fact Checking
10444
KILT-WNED
Entity Linking
3396
KILT-T-REx
Slot Filling
5000
KILT-TriviaQA
Open Domain QA
5359
KILT-Wizard of Wikipedia
Dialogue
3054
Tt
MMLU
Multi-task Language Understanding
1531
PopQA
Open Domain QA
14267

2024-04-27 10:29:37.750 | SUCCESS  | __main__:title_pattern_2:670 - 成功找到标题：1 Introduction
2024-04-27 10:29:37.751 | SUCCESS  | __main__:title_pattern_2:670 - 成功找到标题：2 Related Work
2024-04-27 10:29:37.751 | SUCCESS  | __main__:title_pattern_2:670 - 成功找到标题：3 Method
2024-04-27 10:29:37.751 | SUCCESS  | __main__:title_pattern_2:670 - 成功找到标题：3.1 Preliminaries
2024-04-27 10:29:37.752 | SUCCESS  | __main__:title_pattern_2:670 - 成功找到标题：3.2 Augmentation-adapted Retriever
2024-04-27 10:29:37.752 | SUCCESS  | __main__:title_pattern_2:670 - 成功找到标题：4 Experimental Methodologies
2024-04-27 10:29:37.753 | SUCCESS  | __main__:title_pattern_2:670 - 成功找到标题：4.1 Target Tasks
2024-04-27 10:29:37.753 | SUCCESS  | __main__:title_pattern_2:670 - 成功找到标题：4.2 Our Method
2024-04-27 10:29:37.753 | SUCCESS  | __main__:title_pattern_2:670 - 成功找到标题：4.3 Baselines
2024-04-27 10:29:37.754 | SUCCESS  | __main__:title_pattern_2:670 - 成功找到标题：5 Evaluation Results
2024-04-27 10:29:37.754 | SUCCESS  | __main__:title_pattern_2:670 - 成功找到标题：5.1 Overall Performance
2024-04-27 10:29:37.755 | SUCCESS  | __main__:title_pattern_2:670 - 成功找到标题：5.2 Ablation Study
2024-04-27 10:29:37.756 | SUCCESS  | __main__:title_pattern_2:670 - 成功找到标题：5.3 Analysis of LM-preferred Documents
2024-04-27 10:29:37.756 | SUCCESS  | __main__:title_pattern_2:670 - 成功找到标题：5.4 Multi-task Training of AAR
2024-04-27 10:29:37.756 | SUCCESS  | __main__:title_pattern_2:670 - 成功找到标题：5.5 Effect of Retrieval Corpus
2024-04-27 10:29:37.757 | SUCCESS  | __main__:title_pattern_2:670 - 成功找到标题：5.6 Application Scenarios of AAR
2024-04-27 10:29:37.757 | SUCCESS  | __main__:title_pattern_2:670 - 成功找到标题：6 Discussions
2024-04-27 10:29:37.757 | SUCCESS  | __main__:title_pattern_2:670 - 成功找到标题：7 Conclusion and Future Work
2024-04-27 10:30:23.040 | ERROR    | __main__:search_title:558 - 标题未找到
2024-04-27 10:30:23.041 | WARNING  | __main__:__init__:39 - 没有找到标题模式：/home/root1/wcc/pdf-test/2.pdf
2024-04-27 10:30:23.045 | WARNING  | __main__:cut_table_str_before:470 - 切除部分是非表格部分，停止切除held to be an illegal act...

2024-04-27 10:30:23.047 | WARNING  | __main__:cut_table_str_before:470 - 切除部分是非表格部分，停止切除Source/target Task
Category
# Queries
Ts
MSMARCO QA
Open Domain QA
148122
KILT-FEVER
Fact Checking
10444
KILT-WNED
Entity Linking
3396
KILT-T-REx
Slot Filling
5000
KILT-TriviaQA
Open Domain QA
5359
KILT-Wizard of Wikipedia
Dialogue
3054
Tt
MMLU
Multi-task Language Understanding
1531
PopQA
Open Domain QA
14267

2024-04-27 10:30:23.049 | SUCCESS  | __main__:title_pattern_2:671 - 成功找到标题：1 Introduction
2024-04-27 10:30:23.049 | SUCCESS  | __main__:title_pattern_2:671 - 成功找到标题：2 Related Work
2024-04-27 10:30:23.050 | SUCCESS  | __main__:title_pattern_2:671 - 成功找到标题：3 Method
2024-04-27 10:30:23.050 | SUCCESS  | __main__:title_pattern_2:671 - 成功找到标题：3.1 Preliminaries
2024-04-27 10:30:23.050 | SUCCESS  | __main__:title_pattern_2:671 - 成功找到标题：3.2 Augmentation-adapted Retriever
2024-04-27 10:30:23.051 | SUCCESS  | __main__:title_pattern_2:671 - 成功找到标题：4 Experimental Methodologies
2024-04-27 10:30:23.051 | SUCCESS  | __main__:title_pattern_2:671 - 成功找到标题：4.1 Target Tasks
2024-04-27 10:30:23.051 | SUCCESS  | __main__:title_pattern_2:671 - 成功找到标题：4.2 Our Method
2024-04-27 10:30:23.052 | SUCCESS  | __main__:title_pattern_2:671 - 成功找到标题：4.3 Baselines
2024-04-27 10:30:23.053 | SUCCESS  | __main__:title_pattern_2:671 - 成功找到标题：5 Evaluation Results
2024-04-27 10:30:23.053 | SUCCESS  | __main__:title_pattern_2:671 - 成功找到标题：5.1 Overall Performance
2024-04-27 10:30:23.053 | SUCCESS  | __main__:title_pattern_2:671 - 成功找到标题：5.2 Ablation Study
2024-04-27 10:30:23.054 | SUCCESS  | __main__:title_pattern_2:671 - 成功找到标题：5.3 Analysis of LM-preferred Documents
2024-04-27 10:30:23.055 | SUCCESS  | __main__:title_pattern_2:671 - 成功找到标题：5.4 Multi-task Training of AAR
2024-04-27 10:30:23.055 | SUCCESS  | __main__:title_pattern_2:671 - 成功找到标题：5.5 Effect of Retrieval Corpus
2024-04-27 10:30:23.055 | SUCCESS  | __main__:title_pattern_2:671 - 成功找到标题：5.6 Application Scenarios of AAR
2024-04-27 10:30:23.056 | SUCCESS  | __main__:title_pattern_2:671 - 成功找到标题：6 Discussions
2024-04-27 10:30:23.056 | SUCCESS  | __main__:title_pattern_2:671 - 成功找到标题：7 Conclusion and Future Work
2024-04-27 10:30:34.670 | ERROR    | __main__:search_title:558 - 标题未找到
2024-04-27 10:30:34.670 | WARNING  | __main__:__init__:39 - 没有找到标题模式：/home/root1/wcc/pdf-test/1.pdf
2024-04-27 10:30:34.674 | ERROR    | __main__:cut_table_str:383 - 切除部分是非表格内容: Parameter
Value
Optimiser

2024-04-27 10:30:34.680 | SUCCESS  | __main__:title_pattern_2:671 - 成功找到标题：1 Timestep
2024-04-27 10:30:34.680 | SUCCESS  | __main__:title_pattern_2:671 - 成功找到标题：2 Timestep
2024-04-27 10:30:49.875 | ERROR    | __main__:search_title:558 - 标题未找到
2024-04-27 10:30:49.876 | WARNING  | __main__:__init__:39 - 没有找到标题模式：/home/root1/wcc/pdf-test/3.pdf
2024-04-27 10:31:02.287 | ERROR    | __main__:search_title:558 - 标题未找到
2024-04-27 10:31:02.288 | WARNING  | __main__:__init__:39 - 没有找到标题模式：/home/root1/wcc/pdf-test/4.pdf
2024-04-27 10:31:02.290 | SUCCESS  | __main__:title_pattern_2:671 - 成功找到标题：1 Introduction
2024-04-27 10:31:02.290 | SUCCESS  | __main__:title_pattern_2:671 - 成功找到标题：2 Background
2024-04-27 10:31:02.291 | SUCCESS  | __main__:title_pattern_2:671 - 成功找到标题：3 Diffusion models and denoising autoencoders
2024-04-27 10:31:02.291 | SUCCESS  | __main__:title_pattern_2:671 - 成功找到标题：3.1 Forward process and LT
2024-04-27 10:31:20.291 | ERROR    | __main__:search_title:558 - 标题未找到
2024-04-27 10:31:20.291 | WARNING  | __main__:__init__:39 - 没有找到标题模式：/home/root1/wcc/pdf-test/5.pdf
2024-04-27 10:31:20.293 | ERROR    | __main__:cut_table_str:383 - 切除部分是非表格内容: 
2024-04-27 10:55:50.354 | ERROR    | __main__:search_title:558 - 标题未找到
2024-04-27 10:55:50.355 | WARNING  | __main__:__init__:39 - 没有找到标题模式：/home/root1/wcc/pdf-test/5.pdf
2024-04-27 10:55:50.358 | ERROR    | __main__:cut_table_str:383 - 切除部分是非表格内容: 
2024-04-27 10:57:46.621 | ERROR    | __main__:search_title:559 - 标题未找到
2024-04-27 10:57:46.621 | WARNING  | __main__:__init__:39 - 没有找到标题模式：/home/root1/wcc/pdf-test/5.pdf
2024-04-27 10:57:46.623 | ERROR    | __main__:cut_table_str:383 - 切除部分是非表格内容: 
2024-04-27 10:58:15.495 | INFO     | __main__:search_title:547 - paper标题模式确认，1. Introduction
2024-04-27 10:58:15.496 | SUCCESS  | __main__:title_pattern_1:611 - 成功找到标题：1. Introduction
2024-04-27 10:58:15.496 | SUCCESS  | __main__:title_pattern_1:611 - 成功找到标题：2. Related Work
2024-04-27 10:58:15.497 | SUCCESS  | __main__:title_pattern_1:611 - 成功找到标题：2.1. Diffusion Model Acceleration
2024-04-27 10:58:15.497 | SUCCESS  | __main__:title_pattern_1:611 - 成功找到标题：2.2. Post-training Quantization
2024-04-27 10:58:15.497 | SUCCESS  | __main__:title_pattern_1:611 - 成功找到标题：3. PTQ on Diffusion Models
2024-04-27 10:58:15.498 | SUCCESS  | __main__:title_pattern_1:611 - 成功找到标题：3.1. Preliminaries
2024-04-27 10:58:15.498 | SUCCESS  | __main__:title_pattern_1:611 - 成功找到标题：3.2. Exploration on Operation Selection
2024-04-27 10:58:15.499 | SUCCESS  | __main__:title_pattern_1:611 - 成功找到标题：3.3. Exploration on Calibration Dataset
2024-04-27 10:58:15.500 | SUCCESS  | __main__:title_pattern_1:611 - 成功找到标题：3.4. Exploration on Parameter Calibration
2024-04-27 10:58:15.500 | SUCCESS  | __main__:title_pattern_1:611 - 成功找到标题：4. More Experiments
2024-04-27 10:58:15.501 | SUCCESS  | __main__:title_pattern_1:611 - 成功找到标题：5. Conclusion
2024-04-27 10:58:15.501 | SUCCESS  | __main__:title_pattern_1:611 - 成功找到标题：6. Appendix
2024-04-27 10:58:15.502 | SUCCESS  | __main__:title_pattern_1:611 - 成功找到标题：6.1. Nonuniform Distribution Selection
2024-04-27 10:58:15.502 | SUCCESS  | __main__:title_pattern_1:611 - 成功找到标题：6.2. Actual Acceleration
2024-04-27 10:58:15.504 | ERROR    | __main__:cut_table_str:383 - 切除部分是非表格内容: 
2024-04-27 10:58:15.504 | INFO     | __main__:find_line_is_table_content:334 - 发现标题，跳过：###5. Conclusion
2024-04-27 10:58:15.505 | INFO     | __main__:find_line_is_table_content:334 - 发现标题，跳过：###6.2. Actual Acceleration
2024-04-27 10:58:35.339 | INFO     | __main__:search_title:547 - paper标题模式确认，1. Introduction
2024-04-27 10:58:35.339 | SUCCESS  | __main__:title_pattern_1:611 - 成功找到标题：1. Introduction
2024-04-27 10:58:35.339 | SUCCESS  | __main__:title_pattern_1:611 - 成功找到标题：2. Related Works
2024-04-27 10:58:35.340 | SUCCESS  | __main__:title_pattern_1:611 - 成功找到标题：3. Background
2024-04-27 10:58:35.340 | SUCCESS  | __main__:title_pattern_1:611 - 成功找到标题：3.1 Denoising Diffusion Probabilistic Model
2024-04-27 10:58:35.340 | SUCCESS  | __main__:title_pattern_1:611 - 成功找到标题：3.2 Diffusion for Segmentation
2024-04-27 10:58:35.341 | SUCCESS  | __main__:title_pattern_1:611 - 成功找到标题：4. Methods
2024-04-27 10:58:35.341 | SUCCESS  | __main__:title_pattern_1:611 - 成功找到标题：5. Experiments
2024-04-27 10:58:35.341 | SUCCESS  | __main__:title_pattern_1:611 - 成功找到标题：5.1 Experiment Setting
2024-04-27 10:58:35.341 | SUCCESS  | __main__:title_pattern_1:611 - 成功找到标题：5.1.1 Diffusion Training Strategy Comparison
2024-04-27 10:58:35.341 | SUCCESS  | __main__:title_pattern_1:611 - 成功找到标题：5.1.2 Comparison to Non-diffusion Models
2024-04-27 10:58:35.342 | SUCCESS  | __main__:title_pattern_1:611 - 成功找到标题：5.1.3 Ablation Studies for Recycling
2024-04-27 10:58:35.342 | SUCCESS  | __main__:title_pattern_1:611 - 成功找到标题：5.1.4 Evaluation Metrics
2024-04-27 10:58:35.342 | SUCCESS  | __main__:title_pattern_1:611 - 成功找到标题：5.2 Data
2024-04-27 10:58:35.342 | SUCCESS  | __main__:title_pattern_1:611 - 成功找到标题：5.2.1 Muscle Ultrasound
2024-04-27 10:58:35.342 | SUCCESS  | __main__:title_pattern_1:611 - 成功找到标题：5.2.2 Abdominal CT (AMOS)
2024-04-27 10:58:35.343 | SUCCESS  | __main__:title_pattern_1:611 - 成功找到标题：5.2.3 Prostate MR
2024-04-27 10:58:35.343 | SUCCESS  | __main__:title_pattern_1:611 - 成功找到标题：5.2.4 Brain MR (BraTS 2021)
2024-04-27 10:58:35.343 | SUCCESS  | __main__:title_pattern_1:611 - 成功找到标题：5.3 Implementation Details
2024-04-27 10:58:35.343 | SUCCESS  | __main__:title_pattern_1:611 - 成功找到标题：6. Results and Discussion
2024-04-27 10:58:35.343 | SUCCESS  | __main__:title_pattern_1:611 - 成功找到标题：6.1 Diffusion Training Strategy Comparison
2024-04-27 10:58:35.344 | SUCCESS  | __main__:title_pattern_1:611 - 成功找到标题：6.2 Comparison to Non-diffusion Models
2024-04-27 10:58:35.345 | SUCCESS  | __main__:title_pattern_1:611 - 成功找到标题：6.3 Ablation Studies
2024-04-27 10:58:35.345 | SUCCESS  | __main__:title_pattern_1:611 - 成功找到标题：6.3.1 Number of sampling steps
2024-04-27 10:58:35.345 | SUCCESS  | __main__:title_pattern_1:611 - 成功找到标题：6.3.2 Inference Variance
2024-04-27 10:58:35.346 | SUCCESS  | __main__:title_pattern_1:611 - 成功找到标题：6.3.3 Transformer
2024-04-27 10:58:35.347 | SUCCESS  | __main__:title_pattern_1:611 - 成功找到标题：6.3.4 Length of training noise schedule
2024-04-27 10:58:35.347 | SUCCESS  | __main__:title_pattern_1:611 - 成功找到标题：7. Conclusion
2024-04-27 10:58:35.352 | ERROR    | __main__:cut_table_str:383 - 切除部分是非表格内容: Parameter
Value
Optimiser

2024-04-27 10:58:44.908 | INFO     | __main__:search_title:556 - paper标题模型确认，
1
Introduction
2024-04-27 10:58:44.909 | SUCCESS  | __main__:title_pattern_2:672 - 成功找到标题：1 Introduction
2024-04-27 10:58:44.909 | SUCCESS  | __main__:title_pattern_2:672 - 成功找到标题：2 Related Work
2024-04-27 10:58:44.910 | SUCCESS  | __main__:title_pattern_2:672 - 成功找到标题：3 Method
2024-04-27 10:58:44.910 | SUCCESS  | __main__:title_pattern_2:672 - 成功找到标题：3.1 Preliminaries
2024-04-27 10:58:44.911 | SUCCESS  | __main__:title_pattern_2:672 - 成功找到标题：3.2 Augmentation-adapted Retriever
2024-04-27 10:58:44.911 | SUCCESS  | __main__:title_pattern_2:672 - 成功找到标题：4 Experimental Methodologies
2024-04-27 10:58:44.911 | SUCCESS  | __main__:title_pattern_2:672 - 成功找到标题：4.1 Target Tasks
2024-04-27 10:58:44.912 | SUCCESS  | __main__:title_pattern_2:672 - 成功找到标题：4.2 Our Method
2024-04-27 10:58:44.912 | SUCCESS  | __main__:title_pattern_2:672 - 成功找到标题：4.3 Baselines
2024-04-27 10:58:44.913 | SUCCESS  | __main__:title_pattern_2:672 - 成功找到标题：5 Evaluation Results
2024-04-27 10:58:44.913 | SUCCESS  | __main__:title_pattern_2:672 - 成功找到标题：5.1 Overall Performance
2024-04-27 10:58:44.914 | SUCCESS  | __main__:title_pattern_2:672 - 成功找到标题：5.2 Ablation Study
2024-04-27 10:58:44.914 | SUCCESS  | __main__:title_pattern_2:672 - 成功找到标题：5.3 Analysis of LM-preferred Documents
2024-04-27 10:58:44.915 | SUCCESS  | __main__:title_pattern_2:672 - 成功找到标题：5.4 Multi-task Training of AAR
2024-04-27 10:58:44.915 | SUCCESS  | __main__:title_pattern_2:672 - 成功找到标题：5.5 Effect of Retrieval Corpus
2024-04-27 10:58:44.916 | SUCCESS  | __main__:title_pattern_2:672 - 成功找到标题：5.6 Application Scenarios of AAR
2024-04-27 10:58:44.916 | SUCCESS  | __main__:title_pattern_2:672 - 成功找到标题：6 Discussions
2024-04-27 10:58:44.916 | SUCCESS  | __main__:title_pattern_2:672 - 成功找到标题：7 Conclusion and Future Work
2024-04-27 10:58:44.921 | WARNING  | __main__:cut_table_str_before:470 - 切除部分是非表格部分，停止切除held to be an illegal act...

2024-04-27 10:58:44.923 | WARNING  | __main__:cut_table_str_before:470 - 切除部分是非表格部分，停止切除Source/target Task
Category
# Queries
Ts
MSMARCO QA
Open Domain QA
148122
KILT-FEVER
Fact Checking
10444
KILT-WNED
Entity Linking
3396
KILT-T-REx
Slot Filling
5000
KILT-TriviaQA
Open Domain QA
5359
KILT-Wizard of Wikipedia
Dialogue
3054
Tt
MMLU
Multi-task Language Understanding
1531
PopQA
Open Domain QA
14267

2024-04-27 10:58:55.169 | INFO     | __main__:search_title:547 - paper标题模式确认，1. Introduction
2024-04-27 10:58:55.169 | SUCCESS  | __main__:title_pattern_1:611 - 成功找到标题：1. Introduction
2024-04-27 10:58:55.170 | SUCCESS  | __main__:title_pattern_1:611 - 成功找到标题：2. Related work
2024-04-27 10:58:55.170 | SUCCESS  | __main__:title_pattern_1:611 - 成功找到标题：3. Method
2024-04-27 10:58:55.170 | SUCCESS  | __main__:title_pattern_1:611 - 成功找到标题：3.1. Rotate the convolution kernels
2024-04-27 10:58:55.171 | SUCCESS  | __main__:title_pattern_1:611 - 成功找到标题：3.2. Routing function
2024-04-27 10:58:55.171 | SUCCESS  | __main__:title_pattern_1:611 - 成功找到标题：3.3. Adaptive rotated convolution module
2024-04-27 10:58:55.172 | SUCCESS  | __main__:title_pattern_1:611 - 成功找到标题：3.4. Implementation details
2024-04-27 10:58:55.172 | SUCCESS  | __main__:title_pattern_1:611 - 成功找到标题：4. Experiments
2024-04-27 10:58:55.172 | SUCCESS  | __main__:title_pattern_1:611 - 成功找到标题：4.1. Experiment settings
2024-04-27 10:58:55.173 | SUCCESS  | __main__:title_pattern_1:611 - 成功找到标题：4.2. Effectiveness on various architectures
2024-04-27 10:58:55.174 | SUCCESS  | __main__:title_pattern_1:611 - 成功找到标题：4.3. Comparison with state-of-the-art methods.
2024-04-27 10:58:55.174 | SUCCESS  | __main__:title_pattern_1:611 - 成功找到标题：4.4. Ablation studies
2024-04-27 10:58:55.175 | SUCCESS  | __main__:title_pattern_1:611 - 成功找到标题：4.5. Visualization
2024-04-27 10:58:55.175 | SUCCESS  | __main__:title_pattern_1:611 - 成功找到标题：5. Conclusion
2024-04-27 10:59:03.410 | INFO     | __main__:search_title:556 - paper标题模型确认，
1
Introduction
2024-04-27 10:59:03.411 | SUCCESS  | __main__:title_pattern_2:672 - 成功找到标题：1 Introduction
2024-04-27 10:59:03.411 | SUCCESS  | __main__:title_pattern_2:672 - 成功找到标题：2 Background
2024-04-27 10:59:03.412 | SUCCESS  | __main__:title_pattern_2:672 - 成功找到标题：3 Diffusion models and denoising autoencoders
2024-04-27 10:59:03.412 | SUCCESS  | __main__:title_pattern_2:672 - 成功找到标题：3.1 Forward process and LT
2024-04-27 11:01:14.031 | INFO     | __main__:search_title:556 - paper标题模型确认，
1
Introduction
2024-04-27 11:01:14.032 | SUCCESS  | __main__:title_pattern_2:673 - 成功找到标题：1 Introduction
2024-04-27 11:01:14.037 | SUCCESS  | __main__:title_pattern_2:673 - 成功找到标题：2 Background
2024-04-27 11:01:14.037 | SUCCESS  | __main__:title_pattern_2:673 - 成功找到标题：3 Diffusion models and denoising autoencoders
2024-04-27 11:01:14.037 | SUCCESS  | __main__:title_pattern_2:673 - 成功找到标题：3.1 Forward process and LT
2024-04-27 11:01:14.039 | SUCCESS  | __main__:title_pattern_2:673 - 成功找到标题：4 Experiments
2024-04-27 11:01:14.039 | SUCCESS  | __main__:title_pattern_2:673 - 成功找到标题：4.1 Sample quality
2024-04-27 11:01:14.039 | SUCCESS  | __main__:title_pattern_2:673 - 成功找到标题：4.2 Reverse process parameterization and training objective ablation
2024-04-27 11:01:14.039 | SUCCESS  | __main__:title_pattern_2:673 - 成功找到标题：4.3 Progressive coding
2024-04-27 11:01:14.040 | SUCCESS  | __main__:title_pattern_2:673 - 成功找到标题：4.4 Interpolation
2024-04-27 11:01:14.040 | SUCCESS  | __main__:title_pattern_2:673 - 成功找到标题：5 Related Work
2024-04-27 11:01:14.040 | SUCCESS  | __main__:title_pattern_2:673 - 成功找到标题：6 Conclusion
2024-04-27 11:26:25.738 | INFO     | __main__:search_title:556 - paper标题模型确认，
1
Introduction
2024-04-27 11:26:25.739 | SUCCESS  | __main__:title_pattern_2:673 - 成功找到标题：1 Introduction
2024-04-27 11:26:25.744 | SUCCESS  | __main__:title_pattern_2:673 - 成功找到标题：2 Background
2024-04-27 11:26:25.744 | SUCCESS  | __main__:title_pattern_2:673 - 成功找到标题：3 Diffusion models and denoising autoencoders
2024-04-27 11:26:25.745 | SUCCESS  | __main__:title_pattern_2:673 - 成功找到标题：3.1 Forward process and LT
2024-04-27 11:26:25.746 | SUCCESS  | __main__:title_pattern_2:673 - 成功找到标题：4 Experiments
2024-04-27 11:26:25.746 | SUCCESS  | __main__:title_pattern_2:673 - 成功找到标题：4.1 Sample quality
2024-04-27 11:26:25.746 | SUCCESS  | __main__:title_pattern_2:673 - 成功找到标题：4.2 Reverse process parameterization and training objective ablation
2024-04-27 11:26:25.747 | SUCCESS  | __main__:title_pattern_2:673 - 成功找到标题：4.3 Progressive coding
2024-04-27 11:26:25.747 | SUCCESS  | __main__:title_pattern_2:673 - 成功找到标题：4.4 Interpolation
2024-04-27 11:26:25.747 | SUCCESS  | __main__:title_pattern_2:673 - 成功找到标题：5 Related Work
2024-04-27 11:26:25.748 | SUCCESS  | __main__:title_pattern_2:673 - 成功找到标题：6 Conclusion
2024-04-27 11:32:57.950 | INFO     | __main__:search_title:556 - paper标题模型确认，
1
Introduction
2024-04-27 11:32:57.950 | SUCCESS  | __main__:title_pattern_2:673 - 成功找到标题：1 Introduction
2024-04-27 11:32:57.955 | SUCCESS  | __main__:title_pattern_2:673 - 成功找到标题：2 Background
2024-04-27 11:32:57.956 | SUCCESS  | __main__:title_pattern_2:673 - 成功找到标题：3 Diffusion models and denoising autoencoders
2024-04-27 11:32:57.956 | SUCCESS  | __main__:title_pattern_2:673 - 成功找到标题：3.1 Forward process and LT
2024-04-27 11:32:57.957 | SUCCESS  | __main__:title_pattern_2:673 - 成功找到标题：4 Experiments
2024-04-27 11:32:57.958 | SUCCESS  | __main__:title_pattern_2:673 - 成功找到标题：4.1 Sample quality
2024-04-27 11:32:57.958 | SUCCESS  | __main__:title_pattern_2:673 - 成功找到标题：4.2 Reverse process parameterization and training objective ablation
2024-04-27 11:32:57.958 | SUCCESS  | __main__:title_pattern_2:673 - 成功找到标题：4.3 Progressive coding
2024-04-27 11:32:57.959 | SUCCESS  | __main__:title_pattern_2:673 - 成功找到标题：4.4 Interpolation
2024-04-27 11:32:57.959 | SUCCESS  | __main__:title_pattern_2:673 - 成功找到标题：5 Related Work
2024-04-27 11:32:57.959 | SUCCESS  | __main__:title_pattern_2:673 - 成功找到标题：6 Conclusion
2024-04-27 11:33:11.142 | INFO     | __main__:search_title:556 - paper标题模型确认，
1
Introduction
2024-04-27 11:33:11.142 | SUCCESS  | __main__:title_pattern_2:673 - 成功找到标题：1 Introduction
2024-04-27 11:33:11.147 | SUCCESS  | __main__:title_pattern_2:673 - 成功找到标题：2 Background
2024-04-27 11:33:11.148 | SUCCESS  | __main__:title_pattern_2:673 - 成功找到标题：3 Diffusion models and denoising autoencoders
2024-04-27 11:33:11.148 | SUCCESS  | __main__:title_pattern_2:673 - 成功找到标题：3.1 Forward process and LT
2024-04-27 11:33:11.149 | SUCCESS  | __main__:title_pattern_2:673 - 成功找到标题：4 Experiments
2024-04-27 11:33:11.150 | SUCCESS  | __main__:title_pattern_2:673 - 成功找到标题：4.1 Sample quality
2024-04-27 11:33:11.150 | SUCCESS  | __main__:title_pattern_2:673 - 成功找到标题：4.2 Reverse process parameterization and training objective ablation
2024-04-27 11:33:11.150 | SUCCESS  | __main__:title_pattern_2:673 - 成功找到标题：4.3 Progressive coding
2024-04-27 11:33:11.151 | SUCCESS  | __main__:title_pattern_2:673 - 成功找到标题：4.4 Interpolation
2024-04-27 11:33:11.151 | SUCCESS  | __main__:title_pattern_2:673 - 成功找到标题：5 Related Work
2024-04-27 11:33:11.151 | SUCCESS  | __main__:title_pattern_2:673 - 成功找到标题：6 Conclusion
2024-04-27 11:33:55.693 | INFO     | __main__:search_title:556 - paper标题模型确认，
1
Introduction
2024-04-27 11:33:55.694 | SUCCESS  | __main__:title_pattern_2:673 - 成功找到标题：1 Introduction
2024-04-27 11:33:55.699 | SUCCESS  | __main__:title_pattern_2:673 - 成功找到标题：2 Background
2024-04-27 11:33:55.699 | SUCCESS  | __main__:title_pattern_2:673 - 成功找到标题：3 Diffusion models and denoising autoencoders
2024-04-27 11:33:55.699 | SUCCESS  | __main__:title_pattern_2:673 - 成功找到标题：3.1 Forward process and LT
2024-04-27 11:33:55.701 | SUCCESS  | __main__:title_pattern_2:673 - 成功找到标题：4 Experiments
2024-04-27 11:33:55.701 | SUCCESS  | __main__:title_pattern_2:673 - 成功找到标题：4.1 Sample quality
2024-04-27 11:33:55.701 | SUCCESS  | __main__:title_pattern_2:673 - 成功找到标题：4.2 Reverse process parameterization and training objective ablation
2024-04-27 11:33:55.701 | SUCCESS  | __main__:title_pattern_2:673 - 成功找到标题：4.3 Progressive coding
2024-04-27 11:33:55.702 | SUCCESS  | __main__:title_pattern_2:673 - 成功找到标题：4.4 Interpolation
2024-04-27 11:33:55.702 | SUCCESS  | __main__:title_pattern_2:673 - 成功找到标题：5 Related Work
2024-04-27 11:33:55.703 | SUCCESS  | __main__:title_pattern_2:673 - 成功找到标题：6 Conclusion
2024-04-27 11:36:57.641 | INFO     | __main__:search_title:556 - paper标题模型确认，
1
Introduction
2024-04-27 11:36:57.641 | SUCCESS  | __main__:title_pattern_2:669 - 成功找到标题：Abstract
2024-04-27 11:36:57.641 | SUCCESS  | __main__:title_pattern_2:685 - 成功找到标题：1 Introduction
2024-04-27 11:36:57.646 | SUCCESS  | __main__:title_pattern_2:669 - 成功找到标题：###Abstract
2024-04-27 11:36:57.647 | SUCCESS  | __main__:title_pattern_2:685 - 成功找到标题：2 Background
2024-04-27 11:36:57.647 | SUCCESS  | __main__:title_pattern_2:685 - 成功找到标题：3 Diffusion models and denoising autoencoders
2024-04-27 11:36:57.647 | SUCCESS  | __main__:title_pattern_2:685 - 成功找到标题：3.1 Forward process and LT
2024-04-27 11:36:57.649 | SUCCESS  | __main__:title_pattern_2:685 - 成功找到标题：4 Experiments
2024-04-27 11:36:57.649 | SUCCESS  | __main__:title_pattern_2:685 - 成功找到标题：4.1 Sample quality
2024-04-27 11:36:57.649 | SUCCESS  | __main__:title_pattern_2:685 - 成功找到标题：4.2 Reverse process parameterization and training objective ablation
2024-04-27 11:36:57.649 | SUCCESS  | __main__:title_pattern_2:685 - 成功找到标题：4.3 Progressive coding
2024-04-27 11:36:57.650 | SUCCESS  | __main__:title_pattern_2:685 - 成功找到标题：4.4 Interpolation
2024-04-27 11:36:57.650 | SUCCESS  | __main__:title_pattern_2:685 - 成功找到标题：5 Related Work
2024-04-27 11:36:57.651 | SUCCESS  | __main__:title_pattern_2:685 - 成功找到标题：6 Conclusion
2024-04-27 11:41:10.545 | INFO     | __main__:search_title:556 - paper标题模型确认，
1
Introduction
2024-04-27 11:41:10.546 | SUCCESS  | __main__:title_pattern_2:669 - 成功找到标题：Abstract
2024-04-27 11:41:10.546 | SUCCESS  | __main__:title_pattern_2:685 - 成功找到标题：1 Introduction
2024-04-27 11:41:10.550 | SUCCESS  | __main__:title_pattern_2:669 - 成功找到标题：Abstract
2024-04-27 11:41:10.550 | SUCCESS  | __main__:title_pattern_2:685 - 成功找到标题：2 Background
2024-04-27 11:41:10.550 | SUCCESS  | __main__:title_pattern_2:685 - 成功找到标题：3 Diffusion models and denoising autoencoders
2024-04-27 11:41:10.551 | SUCCESS  | __main__:title_pattern_2:685 - 成功找到标题：3.1 Forward process and LT
2024-04-27 11:41:10.552 | SUCCESS  | __main__:title_pattern_2:685 - 成功找到标题：4 Experiments
2024-04-27 11:41:10.552 | SUCCESS  | __main__:title_pattern_2:685 - 成功找到标题：4.1 Sample quality
2024-04-27 11:41:10.552 | SUCCESS  | __main__:title_pattern_2:685 - 成功找到标题：4.2 Reverse process parameterization and training objective ablation
2024-04-27 11:41:10.552 | SUCCESS  | __main__:title_pattern_2:685 - 成功找到标题：4.3 Progressive coding
2024-04-27 11:41:10.553 | SUCCESS  | __main__:title_pattern_2:685 - 成功找到标题：4.4 Interpolation
2024-04-27 11:41:10.553 | SUCCESS  | __main__:title_pattern_2:685 - 成功找到标题：5 Related Work
2024-04-27 11:41:10.553 | SUCCESS  | __main__:title_pattern_2:685 - 成功找到标题：6 Conclusion
2024-04-27 11:45:46.489 | INFO     | __main__:search_title:556 - paper标题模型确认，
1
Introduction
2024-04-27 11:45:46.489 | SUCCESS  | __main__:title_pattern_2:670 - 成功找到标题：Abstract
2024-04-27 11:45:46.489 | SUCCESS  | __main__:title_pattern_2:686 - 成功找到标题：1 Introduction
2024-04-27 11:45:46.494 | SUCCESS  | __main__:title_pattern_2:670 - 成功找到标题：Abstract
2024-04-27 11:45:46.495 | SUCCESS  | __main__:title_pattern_2:686 - 成功找到标题：2 Background
2024-04-27 11:45:46.495 | SUCCESS  | __main__:title_pattern_2:686 - 成功找到标题：3 Diffusion models and denoising autoencoders
2024-04-27 11:45:46.495 | SUCCESS  | __main__:title_pattern_2:686 - 成功找到标题：3.1 Forward process and LT
2024-04-27 11:45:46.497 | SUCCESS  | __main__:title_pattern_2:686 - 成功找到标题：4 Experiments
2024-04-27 11:45:46.497 | SUCCESS  | __main__:title_pattern_2:686 - 成功找到标题：4.1 Sample quality
2024-04-27 11:45:46.497 | SUCCESS  | __main__:title_pattern_2:686 - 成功找到标题：4.2 Reverse process parameterization and training objective ablation
2024-04-27 11:45:46.497 | SUCCESS  | __main__:title_pattern_2:686 - 成功找到标题：4.3 Progressive coding
2024-04-27 11:45:46.498 | SUCCESS  | __main__:title_pattern_2:686 - 成功找到标题：4.4 Interpolation
2024-04-27 11:45:46.498 | SUCCESS  | __main__:title_pattern_2:686 - 成功找到标题：5 Related Work
2024-04-27 11:45:46.499 | SUCCESS  | __main__:title_pattern_2:686 - 成功找到标题：6 Conclusion
2024-04-27 11:48:35.679 | INFO     | __main__:search_title:556 - paper标题模型确认，
1
Introduction
2024-04-27 11:48:35.680 | SUCCESS  | __main__:title_pattern_2:686 - 成功找到标题：1 Introduction
2024-04-27 11:48:35.684 | SUCCESS  | __main__:title_pattern_2:686 - 成功找到标题：2 Background
2024-04-27 11:48:35.684 | SUCCESS  | __main__:title_pattern_2:686 - 成功找到标题：3 Diffusion models and denoising autoencoders
2024-04-27 11:48:35.684 | SUCCESS  | __main__:title_pattern_2:686 - 成功找到标题：3.1 Forward process and LT
2024-04-27 11:48:35.685 | SUCCESS  | __main__:title_pattern_2:686 - 成功找到标题：4 Experiments
2024-04-27 11:48:35.685 | SUCCESS  | __main__:title_pattern_2:686 - 成功找到标题：4.1 Sample quality
2024-04-27 11:48:35.686 | SUCCESS  | __main__:title_pattern_2:686 - 成功找到标题：4.2 Reverse process parameterization and training objective ablation
2024-04-27 11:48:35.686 | SUCCESS  | __main__:title_pattern_2:686 - 成功找到标题：4.3 Progressive coding
2024-04-27 11:48:35.686 | SUCCESS  | __main__:title_pattern_2:686 - 成功找到标题：4.4 Interpolation
2024-04-27 11:48:35.686 | SUCCESS  | __main__:title_pattern_2:686 - 成功找到标题：5 Related Work
2024-04-27 11:48:35.687 | SUCCESS  | __main__:title_pattern_2:686 - 成功找到标题：6 Conclusion
2024-04-27 11:49:35.982 | INFO     | __main__:search_title:556 - paper标题模型确认，
1
Introduction
2024-04-27 11:49:35.982 | SUCCESS  | __main__:title_pattern_2:670 - 成功找到标题：Abstract
2024-04-27 11:49:35.983 | SUCCESS  | __main__:title_pattern_2:686 - 成功找到标题：1 Introduction
2024-04-27 11:49:35.987 | SUCCESS  | __main__:title_pattern_2:686 - 成功找到标题：2 Background
2024-04-27 11:49:35.988 | SUCCESS  | __main__:title_pattern_2:686 - 成功找到标题：3 Diffusion models and denoising autoencoders
2024-04-27 11:49:35.988 | SUCCESS  | __main__:title_pattern_2:686 - 成功找到标题：3.1 Forward process and LT
2024-04-27 11:49:35.989 | SUCCESS  | __main__:title_pattern_2:686 - 成功找到标题：4 Experiments
2024-04-27 11:49:35.990 | SUCCESS  | __main__:title_pattern_2:686 - 成功找到标题：4.1 Sample quality
2024-04-27 11:49:35.990 | SUCCESS  | __main__:title_pattern_2:686 - 成功找到标题：4.2 Reverse process parameterization and training objective ablation
2024-04-27 11:49:35.990 | SUCCESS  | __main__:title_pattern_2:686 - 成功找到标题：4.3 Progressive coding
2024-04-27 11:49:35.991 | SUCCESS  | __main__:title_pattern_2:686 - 成功找到标题：4.4 Interpolation
2024-04-27 11:49:35.991 | SUCCESS  | __main__:title_pattern_2:686 - 成功找到标题：5 Related Work
2024-04-27 11:49:35.991 | SUCCESS  | __main__:title_pattern_2:686 - 成功找到标题：6 Conclusion
2024-04-27 11:49:44.975 | INFO     | __main__:search_title:556 - paper标题模型确认，
1
Introduction
2024-04-27 11:49:44.975 | SUCCESS  | __main__:title_pattern_2:670 - 成功找到标题：Abstract
2024-04-27 11:49:44.976 | SUCCESS  | __main__:title_pattern_2:686 - 成功找到标题：1 Introduction
2024-04-27 11:49:44.979 | SUCCESS  | __main__:title_pattern_2:670 - 成功找到标题：Abstract
2024-04-27 11:49:44.980 | SUCCESS  | __main__:title_pattern_2:686 - 成功找到标题：2 Background
2024-04-27 11:49:44.980 | SUCCESS  | __main__:title_pattern_2:686 - 成功找到标题：3 Diffusion models and denoising autoencoders
2024-04-27 11:49:44.980 | SUCCESS  | __main__:title_pattern_2:686 - 成功找到标题：3.1 Forward process and LT
2024-04-27 11:49:44.981 | SUCCESS  | __main__:title_pattern_2:686 - 成功找到标题：4 Experiments
2024-04-27 11:49:44.981 | SUCCESS  | __main__:title_pattern_2:686 - 成功找到标题：4.1 Sample quality
2024-04-27 11:49:44.982 | SUCCESS  | __main__:title_pattern_2:686 - 成功找到标题：4.2 Reverse process parameterization and training objective ablation
2024-04-27 11:49:44.982 | SUCCESS  | __main__:title_pattern_2:686 - 成功找到标题：4.3 Progressive coding
2024-04-27 11:49:44.982 | SUCCESS  | __main__:title_pattern_2:686 - 成功找到标题：4.4 Interpolation
2024-04-27 11:49:44.983 | SUCCESS  | __main__:title_pattern_2:686 - 成功找到标题：5 Related Work
2024-04-27 11:49:44.983 | SUCCESS  | __main__:title_pattern_2:686 - 成功找到标题：6 Conclusion
2024-04-27 11:50:03.171 | INFO     | __main__:search_title:556 - paper标题模型确认，
1
Introduction
2024-04-27 11:50:03.171 | SUCCESS  | __main__:title_pattern_2:670 - 成功找到标题：Abstract
2024-04-27 11:50:03.171 | SUCCESS  | __main__:title_pattern_2:686 - 成功找到标题：1 Introduction
2024-04-27 11:50:03.175 | SUCCESS  | __main__:title_pattern_2:670 - 成功找到标题：Abstract
2024-04-27 11:50:03.175 | SUCCESS  | __main__:title_pattern_2:686 - 成功找到标题：2 Background
2024-04-27 11:50:03.176 | SUCCESS  | __main__:title_pattern_2:686 - 成功找到标题：3 Diffusion models and denoising autoencoders
2024-04-27 11:50:03.176 | SUCCESS  | __main__:title_pattern_2:686 - 成功找到标题：3.1 Forward process and LT
2024-04-27 11:50:03.177 | SUCCESS  | __main__:title_pattern_2:686 - 成功找到标题：4 Experiments
2024-04-27 11:50:03.177 | SUCCESS  | __main__:title_pattern_2:686 - 成功找到标题：4.1 Sample quality
2024-04-27 11:50:03.177 | SUCCESS  | __main__:title_pattern_2:686 - 成功找到标题：4.2 Reverse process parameterization and training objective ablation
2024-04-27 11:50:03.177 | SUCCESS  | __main__:title_pattern_2:686 - 成功找到标题：4.3 Progressive coding
2024-04-27 11:50:03.178 | SUCCESS  | __main__:title_pattern_2:686 - 成功找到标题：4.4 Interpolation
2024-04-27 11:50:03.178 | SUCCESS  | __main__:title_pattern_2:686 - 成功找到标题：5 Related Work
2024-04-27 11:50:03.178 | SUCCESS  | __main__:title_pattern_2:686 - 成功找到标题：6 Conclusion
2024-04-27 11:50:47.577 | INFO     | __main__:search_title:556 - paper标题模型确认，
1
Introduction
2024-04-27 11:50:47.578 | SUCCESS  | __main__:title_pattern_2:671 - 成功找到标题：Abstract
2024-04-27 11:50:47.578 | SUCCESS  | __main__:title_pattern_2:687 - 成功找到标题：1 Introduction
2024-04-27 11:50:47.583 | SUCCESS  | __main__:title_pattern_2:671 - 成功找到标题：Abstract
2024-04-27 11:50:47.584 | SUCCESS  | __main__:title_pattern_2:687 - 成功找到标题：2 Background
2024-04-27 11:50:47.584 | SUCCESS  | __main__:title_pattern_2:687 - 成功找到标题：3 Diffusion models and denoising autoencoders
2024-04-27 11:50:47.585 | SUCCESS  | __main__:title_pattern_2:687 - 成功找到标题：3.1 Forward process and LT
2024-04-27 11:50:47.586 | SUCCESS  | __main__:title_pattern_2:687 - 成功找到标题：4 Experiments
2024-04-27 11:50:47.586 | SUCCESS  | __main__:title_pattern_2:687 - 成功找到标题：4.1 Sample quality
2024-04-27 11:50:47.587 | SUCCESS  | __main__:title_pattern_2:687 - 成功找到标题：4.2 Reverse process parameterization and training objective ablation
2024-04-27 11:50:47.587 | SUCCESS  | __main__:title_pattern_2:687 - 成功找到标题：4.3 Progressive coding
2024-04-27 11:50:47.587 | SUCCESS  | __main__:title_pattern_2:687 - 成功找到标题：4.4 Interpolation
2024-04-27 11:50:47.588 | SUCCESS  | __main__:title_pattern_2:687 - 成功找到标题：5 Related Work
2024-04-27 11:50:47.588 | SUCCESS  | __main__:title_pattern_2:687 - 成功找到标题：6 Conclusion
2024-04-27 11:51:35.448 | INFO     | __main__:search_title:556 - paper标题模型确认，
1
Introduction
2024-04-27 11:51:35.448 | SUCCESS  | __main__:title_pattern_2:671 - 成功找到标题：Abstract
2024-04-27 11:51:35.449 | SUCCESS  | __main__:title_pattern_2:687 - 成功找到标题：1 Introduction
2024-04-27 11:51:35.454 | SUCCESS  | __main__:title_pattern_2:671 - 成功找到标题：Abstract
2024-04-27 11:51:35.454 | SUCCESS  | __main__:title_pattern_2:687 - 成功找到标题：2 Background
2024-04-27 11:51:35.455 | SUCCESS  | __main__:title_pattern_2:687 - 成功找到标题：3 Diffusion models and denoising autoencoders
2024-04-27 11:51:35.455 | SUCCESS  | __main__:title_pattern_2:687 - 成功找到标题：3.1 Forward process and LT
2024-04-27 11:51:35.456 | SUCCESS  | __main__:title_pattern_2:687 - 成功找到标题：4 Experiments
2024-04-27 11:51:35.457 | SUCCESS  | __main__:title_pattern_2:687 - 成功找到标题：4.1 Sample quality
2024-04-27 11:51:35.457 | SUCCESS  | __main__:title_pattern_2:687 - 成功找到标题：4.2 Reverse process parameterization and training objective ablation
2024-04-27 11:51:35.457 | SUCCESS  | __main__:title_pattern_2:687 - 成功找到标题：4.3 Progressive coding
2024-04-27 11:51:35.458 | SUCCESS  | __main__:title_pattern_2:687 - 成功找到标题：4.4 Interpolation
2024-04-27 11:51:35.458 | SUCCESS  | __main__:title_pattern_2:687 - 成功找到标题：5 Related Work
2024-04-27 11:51:35.459 | SUCCESS  | __main__:title_pattern_2:687 - 成功找到标题：6 Conclusion
2024-04-27 11:55:34.701 | INFO     | __main__:search_title:556 - paper标题模型确认，
1
Introduction
2024-04-27 11:55:34.701 | SUCCESS  | __main__:title_pattern_2:671 - 成功找到标题-：Abstract
2024-04-27 11:55:34.701 | SUCCESS  | __main__:title_pattern_2:687 - 成功找到标题：1 Introduction
2024-04-27 11:55:34.706 | SUCCESS  | __main__:title_pattern_2:671 - 成功找到标题-：Abstract
2024-04-27 11:55:34.707 | SUCCESS  | __main__:title_pattern_2:687 - 成功找到标题：2 Background
2024-04-27 11:55:34.708 | SUCCESS  | __main__:title_pattern_2:687 - 成功找到标题：3 Diffusion models and denoising autoencoders
2024-04-27 11:55:34.709 | SUCCESS  | __main__:title_pattern_2:687 - 成功找到标题：3.1 Forward process and LT
2024-04-27 11:55:34.712 | SUCCESS  | __main__:title_pattern_2:687 - 成功找到标题：4 Experiments
2024-04-27 11:55:34.713 | SUCCESS  | __main__:title_pattern_2:687 - 成功找到标题：4.1 Sample quality
2024-04-27 11:55:34.714 | SUCCESS  | __main__:title_pattern_2:687 - 成功找到标题：4.2 Reverse process parameterization and training objective ablation
2024-04-27 11:55:34.715 | SUCCESS  | __main__:title_pattern_2:687 - 成功找到标题：4.3 Progressive coding
2024-04-27 11:55:34.717 | SUCCESS  | __main__:title_pattern_2:687 - 成功找到标题：4.4 Interpolation
2024-04-27 11:55:34.717 | SUCCESS  | __main__:title_pattern_2:687 - 成功找到标题：5 Related Work
2024-04-27 11:55:34.717 | SUCCESS  | __main__:title_pattern_2:687 - 成功找到标题：6 Conclusion
2024-04-27 11:58:42.702 | INFO     | __main__:search_title:556 - paper标题模型确认，
1
Introduction
2024-04-27 11:58:42.703 | SUCCESS  | __main__:title_pattern_2:674 - 成功找到标题-：Abstract
2024-04-27 11:58:42.703 | SUCCESS  | __main__:title_pattern_2:690 - 成功找到标题：1 Introduction
2024-04-27 11:58:42.707 | SUCCESS  | __main__:title_pattern_2:674 - 成功找到标题-：Abstract
2024-04-27 11:58:42.707 | SUCCESS  | __main__:title_pattern_2:690 - 成功找到标题：2 Background
2024-04-27 11:58:42.707 | SUCCESS  | __main__:title_pattern_2:690 - 成功找到标题：3 Diffusion models and denoising autoencoders
2024-04-27 11:58:42.707 | SUCCESS  | __main__:title_pattern_2:690 - 成功找到标题：3.1 Forward process and LT
2024-04-27 11:58:42.708 | SUCCESS  | __main__:title_pattern_2:690 - 成功找到标题：4 Experiments
2024-04-27 11:58:42.708 | SUCCESS  | __main__:title_pattern_2:690 - 成功找到标题：4.1 Sample quality
2024-04-27 11:58:42.709 | SUCCESS  | __main__:title_pattern_2:690 - 成功找到标题：4.2 Reverse process parameterization and training objective ablation
2024-04-27 11:58:42.709 | SUCCESS  | __main__:title_pattern_2:690 - 成功找到标题：4.3 Progressive coding
2024-04-27 11:58:42.709 | SUCCESS  | __main__:title_pattern_2:690 - 成功找到标题：4.4 Interpolation
2024-04-27 11:58:42.710 | SUCCESS  | __main__:title_pattern_2:690 - 成功找到标题：5 Related Work
2024-04-27 11:58:42.710 | SUCCESS  | __main__:title_pattern_2:690 - 成功找到标题：6 Conclusion
2024-04-27 11:58:51.697 | INFO     | __main__:search_title:556 - paper标题模型确认，
1
Introduction
2024-04-27 11:58:51.697 | SUCCESS  | __main__:title_pattern_2:674 - 成功找到标题-：Abstract
2024-04-27 11:58:51.697 | SUCCESS  | __main__:title_pattern_2:690 - 成功找到标题：1 Introduction
2024-04-27 11:58:51.702 | SUCCESS  | __main__:title_pattern_2:674 - 成功找到标题-：Abstract
2024-04-27 11:58:51.703 | SUCCESS  | __main__:title_pattern_2:690 - 成功找到标题：2 Background
2024-04-27 11:58:51.703 | SUCCESS  | __main__:title_pattern_2:690 - 成功找到标题：3 Diffusion models and denoising autoencoders
2024-04-27 11:58:51.703 | SUCCESS  | __main__:title_pattern_2:690 - 成功找到标题：3.1 Forward process and LT
2024-04-27 11:58:51.704 | SUCCESS  | __main__:title_pattern_2:690 - 成功找到标题：4 Experiments
2024-04-27 11:58:51.705 | SUCCESS  | __main__:title_pattern_2:690 - 成功找到标题：4.1 Sample quality
2024-04-27 11:58:51.705 | SUCCESS  | __main__:title_pattern_2:690 - 成功找到标题：4.2 Reverse process parameterization and training objective ablation
2024-04-27 11:58:51.705 | SUCCESS  | __main__:title_pattern_2:690 - 成功找到标题：4.3 Progressive coding
2024-04-27 11:58:51.706 | SUCCESS  | __main__:title_pattern_2:690 - 成功找到标题：4.4 Interpolation
2024-04-27 11:58:51.706 | SUCCESS  | __main__:title_pattern_2:690 - 成功找到标题：5 Related Work
2024-04-27 11:58:51.706 | SUCCESS  | __main__:title_pattern_2:690 - 成功找到标题：6 Conclusion
2024-04-27 11:59:06.186 | INFO     | __main__:search_title:556 - paper标题模型确认，
1
Introduction
2024-04-27 11:59:06.186 | SUCCESS  | __main__:title_pattern_2:674 - 成功找到标题-：Abstract
2024-04-27 11:59:06.186 | SUCCESS  | __main__:title_pattern_2:690 - 成功找到标题：1 Introduction
2024-04-27 11:59:06.190 | SUCCESS  | __main__:title_pattern_2:674 - 成功找到标题-：Abstract
2024-04-27 11:59:06.190 | SUCCESS  | __main__:title_pattern_2:690 - 成功找到标题：2 Background
2024-04-27 11:59:06.191 | SUCCESS  | __main__:title_pattern_2:690 - 成功找到标题：3 Diffusion models and denoising autoencoders
2024-04-27 11:59:06.191 | SUCCESS  | __main__:title_pattern_2:690 - 成功找到标题：3.1 Forward process and LT
2024-04-27 11:59:06.192 | SUCCESS  | __main__:title_pattern_2:690 - 成功找到标题：4 Experiments
2024-04-27 11:59:06.192 | SUCCESS  | __main__:title_pattern_2:690 - 成功找到标题：4.1 Sample quality
2024-04-27 11:59:06.192 | SUCCESS  | __main__:title_pattern_2:690 - 成功找到标题：4.2 Reverse process parameterization and training objective ablation
2024-04-27 11:59:06.192 | SUCCESS  | __main__:title_pattern_2:690 - 成功找到标题：4.3 Progressive coding
2024-04-27 11:59:06.193 | SUCCESS  | __main__:title_pattern_2:690 - 成功找到标题：4.4 Interpolation
2024-04-27 11:59:06.193 | SUCCESS  | __main__:title_pattern_2:690 - 成功找到标题：5 Related Work
2024-04-27 11:59:06.193 | SUCCESS  | __main__:title_pattern_2:690 - 成功找到标题：6 Conclusion
2024-04-27 11:59:32.768 | INFO     | __main__:search_title:556 - paper标题模型确认，
1
Introduction
2024-04-27 11:59:32.769 | SUCCESS  | __main__:title_pattern_2:674 - 成功找到标题-：Abstract
2024-04-27 11:59:32.769 | SUCCESS  | __main__:title_pattern_2:690 - 成功找到标题：1 Introduction
