2023-12-30 16:23:04 | INFO | model_worker | Loading the model ['chatglm3-6b'] on worker 356c00af ...
2023-12-30 16:23:05 | ERROR | stderr | tokenizer_config.json:   0%|                                                                  | 0.00/518 [00:00<?, ?B/s]
2023-12-30 16:23:05 | ERROR | stderr | tokenizer_config.json: 100%|███████████████████████████████████████████████████████████| 518/518 [00:00<00:00, 1.30MB/s]
2023-12-30 16:23:05 | ERROR | stderr | 
2023-12-30 16:23:05 | ERROR | stderr | tokenization_chatglm.py:   0%|                                                              | 0.00/13.0k [00:00<?, ?B/s]
2023-12-30 16:23:05 | ERROR | stderr | tokenization_chatglm.py: 100%|█████████████████████████████████████████████████████| 13.0k/13.0k [00:00<00:00, 31.3MB/s]
2023-12-30 16:23:05 | ERROR | stderr | 
2023-12-30 16:23:09 | ERROR | stderr | model.safetensors.index.json:   0%|                                                         | 0.00/21.2k [00:00<?, ?B/s]
2023-12-30 16:23:09 | ERROR | stderr | model.safetensors.index.json: 100%|████████████████████████████████████████████████| 21.2k/21.2k [00:00<00:00, 3.67MB/s]
2023-12-30 16:23:09 | ERROR | stderr | 
2023-12-30 16:23:09 | ERROR | stderr | Downloading shards:   0%|                                                                         | 0/7 [00:00<?, ?it/s]
2023-12-30 16:23:11 | ERROR | stderr | 
2023-12-30 16:23:11 | ERROR | stderr | model-00001-of-00007.safetensors:   0%|                                                     | 0.00/1.83G [00:00<?, ?B/s]
2023-12-30 16:23:11 | ERROR | stderr | [A
2023-12-30 16:23:14 | ERROR | stderr | 
2023-12-30 16:23:14 | ERROR | stderr | model-00001-of-00007.safetensors:   1%|▎                                           | 10.5M/1.83G [00:03<09:45, 3.10MB/s]
2023-12-30 16:23:14 | ERROR | stderr | [A
2023-12-30 16:23:16 | ERROR | stderr | 
2023-12-30 16:23:16 | ERROR | stderr | model-00001-of-00007.safetensors:   1%|▌                                           | 21.0M/1.83G [00:05<07:27, 4.03MB/s]
2023-12-30 16:23:16 | ERROR | stderr | [A
2023-12-30 16:23:19 | ERROR | stderr | 
2023-12-30 16:23:19 | ERROR | stderr | model-00001-of-00007.safetensors:   2%|▊                                           | 31.5M/1.83G [00:07<06:54, 4.34MB/s]
2023-12-30 16:23:19 | ERROR | stderr | [A
2023-12-30 16:23:21 | ERROR | stderr | 
2023-12-30 16:23:21 | ERROR | stderr | model-00001-of-00007.safetensors:   2%|█                                           | 41.9M/1.83G [00:09<06:34, 4.52MB/s]
2023-12-30 16:23:21 | ERROR | stderr | [A
2023-12-30 16:23:23 | ERROR | stderr | 
2023-12-30 16:23:23 | ERROR | stderr | model-00001-of-00007.safetensors:   3%|█▎                                          | 52.4M/1.83G [00:12<06:25, 4.60MB/s]
2023-12-30 16:23:23 | ERROR | stderr | [A
