2023-12-30 17:16:47 | INFO | model_worker | Loading the model ['chatglm3-6b'] on worker f572092a ...
2023-12-30 17:16:49 | ERROR | stderr | Downloading shards:   0%|                                                                         | 0/7 [00:00<?, ?it/s]
2023-12-30 17:16:52 | ERROR | stderr | 
2023-12-30 17:16:52 | ERROR | stderr | model-00002-of-00007.safetensors:   0%|                                                     | 0.00/1.97G [00:00<?, ?B/s]
2023-12-30 17:16:52 | ERROR | stderr | [A
2023-12-30 17:17:43 | ERROR | stderr | 
2023-12-30 17:17:43 | ERROR | stderr | model-00002-of-00007.safetensors:   1%|â–                                          | 10.5M/1.97G [00:51<2:38:58, 205kB/s]
2023-12-30 17:17:43 | ERROR | stderr | [A
2023-12-30 17:17:58 | ERROR | stderr | 
2023-12-30 17:17:58 | ERROR | stderr | model-00002-of-00007.safetensors:   1%|â–                                          | 21.0M/1.97G [01:06<1:33:57, 345kB/s]
2023-12-30 17:17:58 | ERROR | stderr | [A
2023-12-30 17:18:09 | ERROR | stderr | 
2023-12-30 17:18:09 | ERROR | stderr | model-00002-of-00007.safetensors:   1%|â–                                          | 21.0M/1.97G [01:17<1:33:57, 345kB/s]
2023-12-30 17:18:09 | ERROR | stderr | [A
2023-12-30 17:18:18 | ERROR | stderr | 
2023-12-30 17:18:18 | ERROR | stderr | model-00002-of-00007.safetensors:   2%|â–‹                                          | 31.5M/1.97G [01:26<1:18:17, 412kB/s]
2023-12-30 17:18:18 | ERROR | stderr | [A
2023-12-30 17:18:29 | ERROR | stderr | 
2023-12-30 17:18:29 | ERROR | stderr | model-00002-of-00007.safetensors:   2%|â–‹                                          | 31.5M/1.97G [01:37<1:18:17, 412kB/s]
2023-12-30 17:18:29 | ERROR | stderr | [A
2023-12-30 17:18:32 | ERROR | stderr | 
2023-12-30 17:18:32 | ERROR | stderr | model-00002-of-00007.safetensors:   2%|â–‰                                          | 41.9M/1.97G [01:40<1:04:14, 500kB/s]
2023-12-30 17:18:32 | ERROR | stderr | [A
2023-12-30 17:18:42 | ERROR | stderr | 
2023-12-30 17:18:42 | ERROR | stderr | model-00002-of-00007.safetensors:   3%|â–ˆâ–                                           | 52.4M/1.97G [01:50<51:36, 619kB/s]
2023-12-30 17:18:42 | ERROR | stderr | [A
2023-12-30 17:18:48 | ERROR | stderr | 
2023-12-30 17:18:48 | ERROR | stderr | model-00002-of-00007.safetensors:   3%|â–ˆâ–                                           | 62.9M/1.97G [01:56<40:29, 784kB/s]
2023-12-30 17:18:48 | ERROR | stderr | [A
2023-12-30 17:18:55 | ERROR | stderr | 
2023-12-30 17:18:55 | ERROR | stderr | model-00002-of-00007.safetensors:   4%|â–ˆâ–‹                                           | 73.4M/1.97G [02:03<33:44, 936kB/s]
2023-12-30 17:18:55 | ERROR | stderr | [A
2023-12-30 17:19:00 | ERROR | stderr | 
2023-12-30 17:19:00 | ERROR | stderr | model-00002-of-00007.safetensors:   4%|â–ˆâ–‰                                          | 83.9M/1.97G [02:08<27:36, 1.14MB/s]
2023-12-30 17:19:00 | ERROR | stderr | [A
2023-12-30 17:19:06 | ERROR | stderr | 
2023-12-30 17:19:06 | ERROR | stderr | model-00002-of-00007.safetensors:   5%|â–ˆâ–ˆ                                          | 94.4M/1.97G [02:14<24:23, 1.28MB/s]
2023-12-30 17:19:06 | ERROR | stderr | [A
2023-12-30 17:19:13 | ERROR | stderr | 
2023-12-30 17:19:13 | ERROR | stderr | model-00002-of-00007.safetensors:   5%|â–ˆâ–ˆâ–                                          | 105M/1.97G [02:21<22:49, 1.36MB/s]
2023-12-30 17:19:13 | ERROR | stderr | [A
2023-12-30 17:19:21 | ERROR | stderr | 
2023-12-30 17:19:21 | ERROR | stderr | model-00002-of-00007.safetensors:   6%|â–ˆâ–ˆâ–‹                                          | 115M/1.97G [02:29<23:27, 1.32MB/s]
2023-12-30 17:19:21 | ERROR | stderr | [A
2023-12-30 17:19:34 | ERROR | stderr | 
2023-12-30 17:19:34 | ERROR | stderr | model-00002-of-00007.safetensors:   6%|â–ˆâ–ˆâ–‰                                          | 126M/1.97G [02:42<27:42, 1.11MB/s]
2023-12-30 17:19:34 | ERROR | stderr | [A
2023-12-30 17:19:49 | ERROR | stderr | 
2023-12-30 17:19:49 | ERROR | stderr | model-00002-of-00007.safetensors:   6%|â–ˆâ–ˆâ–‰                                          | 126M/1.97G [02:57<27:42, 1.11MB/s]
2023-12-30 17:19:49 | ERROR | stderr | [A
2023-12-30 17:19:50 | ERROR | stderr | 
2023-12-30 17:19:50 | ERROR | stderr | model-00002-of-00007.safetensors:   7%|â–ˆâ–ˆâ–ˆâ–                                          | 136M/1.97G [02:58<32:53, 928kB/s]
2023-12-30 17:19:50 | ERROR | stderr | [A
