2024-04-13 15:56:47 | INFO | model_worker | Loading the model ['chatglm3-6b'] on worker 76beefac ...
2024-04-13 15:56:49 | ERROR | stderr | Loading checkpoint shards:   0%|                                                                                                              | 0/7 [00:00<?, ?it/s]
2024-04-13 15:56:49 | ERROR | stderr | Loading checkpoint shards:  14%|██████████████▌                                                                                       | 1/7 [00:00<00:02,  2.03it/s]
2024-04-13 15:56:50 | ERROR | stderr | Loading checkpoint shards:  29%|█████████████████████████████▏                                                                        | 2/7 [00:00<00:02,  2.12it/s]
2024-04-13 15:56:50 | ERROR | stderr | Loading checkpoint shards:  43%|███████████████████████████████████████████▋                                                          | 3/7 [00:01<00:01,  2.14it/s]
2024-04-13 15:56:51 | ERROR | stderr | Loading checkpoint shards:  57%|██████████████████████████████████████████████████████████▎                                           | 4/7 [00:01<00:01,  2.22it/s]
2024-04-13 15:56:51 | ERROR | stderr | Loading checkpoint shards:  71%|████████████████████████████████████████████████████████████████████████▊                             | 5/7 [00:02<00:00,  2.18it/s]
2024-04-13 15:56:52 | ERROR | stderr | Loading checkpoint shards:  86%|███████████████████████████████████████████████████████████████████████████████████████▍              | 6/7 [00:02<00:00,  2.05it/s]
2024-04-13 15:56:52 | ERROR | stderr | Loading checkpoint shards: 100%|██████████████████████████████████████████████████████████████████████████████████████████████████████| 7/7 [00:03<00:00,  2.29it/s]
2024-04-13 15:56:52 | ERROR | stderr | Loading checkpoint shards: 100%|██████████████████████████████████████████████████████████████████████████████████████████████████████| 7/7 [00:03<00:00,  2.20it/s]
2024-04-13 15:56:52 | ERROR | stderr | 
2024-04-13 15:56:55 | INFO | model_worker | Register to controller
2024-04-14 14:10:58 | ERROR | model_worker | heart beat error: Expecting value: line 1 column 1 (char 0)
2024-04-14 14:11:03 | ERROR | model_worker | heart beat error: Expecting value: line 1 column 1 (char 0)
2024-04-14 14:11:08 | ERROR | model_worker | heart beat error: Expecting value: line 1 column 1 (char 0)
2024-04-14 14:11:13 | ERROR | model_worker | heart beat error: Expecting value: line 1 column 1 (char 0)
2024-04-14 14:11:18 | ERROR | model_worker | heart beat error: Expecting value: line 1 column 1 (char 0)
2024-04-14 14:11:23 | ERROR | model_worker | heart beat error: Expecting value: line 1 column 1 (char 0)
2024-04-14 14:11:28 | ERROR | model_worker | heart beat error: Expecting value: line 1 column 1 (char 0)
2024-04-14 14:11:33 | ERROR | model_worker | heart beat error: Expecting value: line 1 column 1 (char 0)
2024-04-14 14:11:38 | ERROR | model_worker | heart beat error: Expecting value: line 1 column 1 (char 0)
2024-04-14 14:11:43 | ERROR | model_worker | heart beat error: Expecting value: line 1 column 1 (char 0)
2024-04-14 14:11:48 | ERROR | model_worker | heart beat error: Expecting value: line 1 column 1 (char 0)
2024-04-14 14:11:53 | ERROR | model_worker | heart beat error: Expecting value: line 1 column 1 (char 0)
2024-04-14 14:11:58 | ERROR | model_worker | heart beat error: Expecting value: line 1 column 1 (char 0)
2024-04-14 14:12:03 | ERROR | model_worker | heart beat error: Expecting value: line 1 column 1 (char 0)
2024-04-14 14:12:08 | ERROR | model_worker | heart beat error: Expecting value: line 1 column 1 (char 0)
2024-04-14 14:12:13 | ERROR | model_worker | heart beat error: Expecting value: line 1 column 1 (char 0)
2024-04-14 14:12:18 | ERROR | model_worker | heart beat error: Expecting value: line 1 column 1 (char 0)
2024-04-14 14:13:08 | ERROR | model_worker | heart beat error: Expecting value: line 1 column 1 (char 0)
