2024-04-12 11:12:31 | INFO | model_worker | Loading the model ['chatglm3-6b'] on worker 256cb9c6 ...
2024-04-12 11:12:34 | ERROR | stderr | Loading checkpoint shards:   0%|                                                                                                                                                    | 0/7 [00:00<?, ?it/s]
2024-04-12 11:12:39 | ERROR | stderr | Loading checkpoint shards:  14%|████████████████████                                                                                                                        | 1/7 [00:04<00:29,  4.84s/it]
2024-04-12 11:12:44 | ERROR | stderr | Loading checkpoint shards:  29%|████████████████████████████████████████                                                                                                    | 2/7 [00:09<00:23,  4.68s/it]
2024-04-12 11:12:48 | ERROR | stderr | Loading checkpoint shards:  43%|████████████████████████████████████████████████████████████                                                                                | 3/7 [00:13<00:18,  4.64s/it]
2024-04-12 11:12:58 | ERROR | stderr | Loading checkpoint shards:  57%|████████████████████████████████████████████████████████████████████████████████                                                            | 4/7 [00:23<00:19,  6.66s/it]
2024-04-12 11:13:01 | ERROR | stderr | Loading checkpoint shards:  71%|████████████████████████████████████████████████████████████████████████████████████████████████████                                        | 5/7 [00:26<00:10,  5.22s/it]
2024-04-12 11:13:10 | ERROR | stderr | Loading checkpoint shards:  86%|████████████████████████████████████████████████████████████████████████████████████████████████████████████████████████                    | 6/7 [00:35<00:06,  6.50s/it]
2024-04-12 11:13:16 | ERROR | stderr | Loading checkpoint shards: 100%|████████████████████████████████████████████████████████████████████████████████████████████████████████████████████████████████████████████| 7/7 [00:41<00:00,  6.39s/it]
2024-04-12 11:13:16 | ERROR | stderr | Loading checkpoint shards: 100%|████████████████████████████████████████████████████████████████████████████████████████████████████████████████████████████████████████████| 7/7 [00:41<00:00,  5.94s/it]
2024-04-12 11:13:16 | ERROR | stderr | 
2024-04-12 11:13:19 | INFO | model_worker | Register to controller
2024-04-12 16:15:07 | ERROR | model_worker | heart beat error: Expecting value: line 1 column 1 (char 0)
2024-04-12 16:15:12 | ERROR | model_worker | heart beat error: Expecting value: line 1 column 1 (char 0)
2024-04-12 16:15:17 | ERROR | model_worker | heart beat error: Expecting value: line 1 column 1 (char 0)
2024-04-12 16:15:22 | ERROR | model_worker | heart beat error: Expecting value: line 1 column 1 (char 0)
2024-04-12 16:15:27 | ERROR | model_worker | heart beat error: Expecting value: line 1 column 1 (char 0)
2024-04-12 16:15:32 | ERROR | model_worker | heart beat error: Expecting value: line 1 column 1 (char 0)
2024-04-12 16:20:07 | ERROR | model_worker | heart beat error: Expecting value: line 1 column 1 (char 0)
2024-04-12 16:20:12 | ERROR | model_worker | heart beat error: Expecting value: line 1 column 1 (char 0)
2024-04-12 16:20:17 | ERROR | model_worker | heart beat error: Expecting value: line 1 column 1 (char 0)
2024-04-12 16:20:22 | ERROR | model_worker | heart beat error: Expecting value: line 1 column 1 (char 0)
2024-04-12 16:20:27 | ERROR | model_worker | heart beat error: Expecting value: line 1 column 1 (char 0)
2024-04-12 16:20:32 | ERROR | model_worker | heart beat error: Expecting value: line 1 column 1 (char 0)
2024-04-12 16:20:37 | ERROR | model_worker | heart beat error: Expecting value: line 1 column 1 (char 0)
2024-04-12 16:20:42 | ERROR | model_worker | heart beat error: Expecting value: line 1 column 1 (char 0)
2024-04-12 16:20:47 | ERROR | model_worker | heart beat error: Expecting value: line 1 column 1 (char 0)
2024-04-12 16:20:52 | ERROR | model_worker | heart beat error: Expecting value: line 1 column 1 (char 0)
2024-04-12 16:20:57 | ERROR | model_worker | heart beat error: Expecting value: line 1 column 1 (char 0)
2024-04-12 16:21:02 | ERROR | model_worker | heart beat error: Expecting value: line 1 column 1 (char 0)
2024-04-12 16:21:07 | ERROR | model_worker | heart beat error: Expecting value: line 1 column 1 (char 0)
2024-04-12 16:21:12 | ERROR | model_worker | heart beat error: Expecting value: line 1 column 1 (char 0)
2024-04-12 16:21:17 | ERROR | model_worker | heart beat error: Expecting value: line 1 column 1 (char 0)
2024-04-12 16:49:09 | ERROR | model_worker | heart beat error: Expecting value: line 1 column 1 (char 0)
2024-04-12 16:49:14 | ERROR | model_worker | heart beat error: Expecting value: line 1 column 1 (char 0)
2024-04-12 16:49:19 | ERROR | model_worker | heart beat error: Expecting value: line 1 column 1 (char 0)
2024-04-12 16:49:24 | ERROR | model_worker | heart beat error: Expecting value: line 1 column 1 (char 0)
2024-04-12 16:49:29 | ERROR | model_worker | heart beat error: Expecting value: line 1 column 1 (char 0)
2024-04-12 16:49:34 | ERROR | model_worker | heart beat error: Expecting value: line 1 column 1 (char 0)
2024-04-12 16:49:39 | ERROR | model_worker | heart beat error: Expecting value: line 1 column 1 (char 0)
2024-04-12 16:49:44 | ERROR | model_worker | heart beat error: Expecting value: line 1 column 1 (char 0)
2024-04-12 16:49:49 | ERROR | model_worker | heart beat error: Expecting value: line 1 column 1 (char 0)
2024-04-12 16:49:54 | ERROR | model_worker | heart beat error: Expecting value: line 1 column 1 (char 0)
2024-04-12 16:49:59 | ERROR | model_worker | heart beat error: Expecting value: line 1 column 1 (char 0)
