2024-04-08 19:49:01 | INFO | model_worker | Loading the model ['chatglm3-6b'] on worker ee2b73a0 ...
2024-04-08 19:49:04 | ERROR | stderr | quantization.py:   0%|                                                                                                                                                        | 0.00/14.7k [00:00<?, ?B/s]
2024-04-08 19:49:04 | ERROR | stderr | quantization.py: 100%|███████████████████████████████████████████████████████████████████████████████████████████████████████████████████████████████████████████████| 14.7k/14.7k [00:00<00:00, 24.4MB/s]
2024-04-08 19:49:04 | ERROR | stderr | 
2024-04-08 19:49:05 | ERROR | stderr | Downloading shards:   0%|                                                                                                                                                           | 0/7 [00:00<?, ?it/s]
2024-04-08 19:49:05 | ERROR | stderr | Downloading shards:  14%|█████████████████████                                                                                                                              | 1/7 [00:00<00:01,  3.62it/s]
2024-04-08 19:49:05 | ERROR | stderr | Downloading shards:  29%|██████████████████████████████████████████                                                                                                         | 2/7 [00:00<00:01,  3.60it/s]
2024-04-08 19:49:06 | ERROR | stderr | Downloading shards:  43%|███████████████████████████████████████████████████████████████                                                                                    | 3/7 [00:00<00:01,  3.58it/s]
2024-04-08 19:49:06 | ERROR | stderr | Downloading shards:  57%|████████████████████████████████████████████████████████████████████████████████████                                                               | 4/7 [00:01<00:01,  2.09it/s]
2024-04-08 19:49:07 | ERROR | stderr | Downloading shards:  71%|█████████████████████████████████████████████████████████████████████████████████████████████████████████                                          | 5/7 [00:01<00:00,  2.47it/s]
2024-04-08 19:49:07 | ERROR | stderr | Downloading shards:  86%|██████████████████████████████████████████████████████████████████████████████████████████████████████████████████████████████                     | 6/7 [00:02<00:00,  2.79it/s]
2024-04-08 19:49:07 | ERROR | stderr | Downloading shards: 100%|███████████████████████████████████████████████████████████████████████████████████████████████████████████████████████████████████████████████████| 7/7 [00:02<00:00,  3.03it/s]
2024-04-08 19:49:07 | ERROR | stderr | Downloading shards: 100%|███████████████████████████████████████████████████████████████████████████████████████████████████████████████████████████████████████████████████| 7/7 [00:02<00:00,  2.88it/s]
2024-04-08 19:49:07 | ERROR | stderr | 
2024-04-08 19:49:07 | ERROR | stderr | Loading checkpoint shards:   0%|                                                                                                                                                    | 0/7 [00:00<?, ?it/s]
2024-04-08 19:49:08 | ERROR | stderr | Loading checkpoint shards:  14%|████████████████████                                                                                                                        | 1/7 [00:00<00:02,  2.56it/s]
2024-04-08 19:49:08 | ERROR | stderr | Loading checkpoint shards:  29%|████████████████████████████████████████                                                                                                    | 2/7 [00:00<00:02,  2.44it/s]
2024-04-08 19:49:09 | ERROR | stderr | Loading checkpoint shards:  43%|████████████████████████████████████████████████████████████                                                                                | 3/7 [00:01<00:01,  2.09it/s]
2024-04-08 19:49:09 | ERROR | stderr | Loading checkpoint shards:  57%|████████████████████████████████████████████████████████████████████████████████                                                            | 4/7 [00:01<00:01,  2.17it/s]
2024-04-08 19:49:10 | ERROR | stderr | Loading checkpoint shards:  71%|████████████████████████████████████████████████████████████████████████████████████████████████████                                        | 5/7 [00:02<00:00,  2.14it/s]
2024-04-08 19:49:10 | ERROR | stderr | Loading checkpoint shards:  86%|████████████████████████████████████████████████████████████████████████████████████████████████████████████████████████                    | 6/7 [00:02<00:00,  2.04it/s]
2024-04-08 19:49:10 | ERROR | stderr | Loading checkpoint shards: 100%|████████████████████████████████████████████████████████████████████████████████████████████████████████████████████████████████████████████| 7/7 [00:03<00:00,  2.34it/s]
2024-04-08 19:49:10 | ERROR | stderr | Loading checkpoint shards: 100%|████████████████████████████████████████████████████████████████████████████████████████████████████████████████████████████████████████████| 7/7 [00:03<00:00,  2.24it/s]
2024-04-08 19:49:10 | ERROR | stderr | 
2024-04-08 19:49:13 | INFO | model_worker | Register to controller
